build/outputs/logs/manifest-merger-debug-report.txt
-- Merging decision tree log ---
manifest
ADDED from AndroidEx\Couple\AndroidManifest.xml:2:1-56:12
	package
		ADDED from AndroidEx\Couple\AndroidManifest.xml:3:5-30
	android:versionName
		ADDED from AndroidEx\Couple\AndroidManifest.xml:5:5-30
		INJECTED from AndroidEx\Couple\AndroidManifest.xml
		INJECTED from AndroidEx\Couple\AndroidManifest.xml
	android:versionCode
		ADDED from AndroidEx\Couple\AndroidManifest.xml:4:5-28
		INJECTED from AndroidEx\Couple\AndroidManifest.xml
		INJECTED from AndroidEx\Couple\AndroidManifest.xml
	xmlns:android
		ADDED from AndroidEx\Couple\AndroidManifest.xml:2:11-69
uses-sdk
ADDED from AndroidEx\Couple\AndroidManifest.xml:7:5-9:41
	android:targetSdkVersion
		ADDED from AndroidEx\Couple\AndroidManifest.xml:9:9-38
	android:minSdkVersion
		ADDED from AndroidEx\Couple\AndroidManifest.xml:8:9-35
uses-permission#android.permission.WRITE_EXTERNAL_STORAGE
ADDED from AndroidEx\Couple\AndroidManifest.xml:11:5-80
	android:name
		ADDED from AndroidEx\Couple\AndroidManifest.xml:11:22-78
application
ADDED from AndroidEx\Couple\AndroidManifest.xml:12:5-54:19
	android:label
		ADDED from AndroidEx\Couple\AndroidManifest.xml:15:9-41
	android:allowBackup
		ADDED from AndroidEx\Couple\AndroidManifest.xml:13:9-35
	android:icon
		ADDED from AndroidEx\Couple\AndroidManifest.xml:14:9-45
	android:theme
		ADDED from AndroidEx\Couple\AndroidManifest.xml:16:9-56
activity#com.yesi.couple.MainActivity
ADDED from AndroidEx\Couple\AndroidManifest.xml:17:9-25:20
	android:label
		ADDED from AndroidEx\Couple\AndroidManifest.xml:19:13-45
	android:name
		ADDED from AndroidEx\Couple\AndroidManifest.xml:18:13-41
intent-filter#android.intent.action.MAIN+android.intent.category.LAUNCHER
ADDED from AndroidEx\Couple\AndroidManifest.xml:20:13-24:29
action#android.intent.action.MAIN
ADDED from AndroidEx\Couple\AndroidManifest.xml:21:17-69
	android:name
		ADDED from AndroidEx\Couple\AndroidManifest.xml:21:25-66
category#android.intent.category.LAUNCHER
ADDED from AndroidEx\Couple\AndroidManifest.xml:23:17-77
	android:name
		ADDED from AndroidEx\Couple\AndroidManifest.xml:23:27-74
activity#com.yesi.couple.SubActivity1
ADDED from AndroidEx\Couple\AndroidManifest.xml:26:9-29:20
	android:label
		ADDED from AndroidEx\Couple\AndroidManifest.xml:28:13-65
	android:name
		ADDED from AndroidEx\Couple\AndroidManifest.xml:27:13-41
activity#com.yesi.couple.SubActivity2
ADDED from AndroidEx\Couple\AndroidManifest.xml:30:9-33:20
	android:label
		ADDED from AndroidEx\Couple\AndroidManifest.xml:32:13-65
	android:name
		ADDED from AndroidEx\Couple\AndroidManifest.xml:31:13-41
activity#com.yesi.couple.OptionActivity
ADDED from AndroidEx\Couple\AndroidManifest.xml:34:9-37:20
	android:label
		ADDED from AndroidEx\Couple\AndroidManifest.xml:36:13-58
	android:name
		ADDED from AndroidEx\Couple\AndroidManifest.xml:35:13-43
activity#com.yesi.couple.SubActivity1_1
ADDED from AndroidEx\Couple\AndroidManifest.xml:38:9-41:20
	android:label
		ADDED from AndroidEx\Couple\AndroidManifest.xml:40:13-67
	android:name
		ADDED from AndroidEx\Couple\AndroidManifest.xml:39:13-43
activity#com.yesi.couple.SubActivity2_1
ADDED from AndroidEx\Couple\AndroidManifest.xml:42:9-45:20
	android:label
		ADDED from AndroidEx\Couple\AndroidManifest.xml:44:13-67
	android:name
		ADDED from AndroidEx\Couple\AndroidManifest.xml:43:13-43
activity#com.yesi.couple.Sub1HistoryActivity
ADDED from AndroidEx\Couple\AndroidManifest.xml:46:9-49:20
	android:label
		ADDED from AndroidEx\Couple\AndroidManifest.xml:48:13-64
	android:name
		ADDED from AndroidEx\Couple\AndroidManifest.xml:47:13-48
activity#com.yesi.couple.Sub2HistoryActivity
ADDED from AndroidEx\Couple\AndroidManifest.xml:50:9-53:20
	android:label
		ADDED from AndroidEx\Couple\AndroidManifest.xml:52:13-64
	android:name
		ADDED from AndroidEx\Couple\AndroidManifest.xml:51:13-48